ISim log file
Running: C:\Users\gmadk\Desktop\KGP Acad\5th Sem\COA\COA Laboratory\Assignment 5 - FSM Design\Seq_cmp_Q4\seq_cmp_tst_isim_beh.exe -intstyle ise -gui -tclbatch isim.cmd -wdb C:/Users/gmadk/Desktop/KGP Acad/5th Sem/COA/COA Laboratory/Assignment 5 - FSM Design/Seq_cmp_Q4/seq_cmp_tst_isim_beh.wdb 
ISim P.20131013 (signature 0x7708f090)
This is a Full version of ISim.
Time resolution is 1 ps
# onerror resume
# wave add /
# run 1000 ns
Simulator is doing circuit initialization process.
Finished circuit initialization process.
A=  783833733	B =  793782311	LEG =   000
A=  783833733	B =  793782311	LEG =   000
A=  783833733	B =  793782311	LEG =   000
A=  783833733	B =  793782311	LEG =   000
A=  783833733	B =  793782311	LEG =   000
A=  783833733	B =  793782311	LEG =   000
A=  783833733	B =  793782311	LEG =   000
A=  783833733	B =  793782311	LEG =   100

A = 783833733 is less than B = 793782311

Stopped at time : 185 ns : File "C:/Users/gmadk/Desktop/KGP Acad/5th Sem/COA/COA Laboratory/Assignment 5 - FSM Design/Seq_cmp_Q4/seq_cmp_tst.v" Line 64
