Command line:
   shift_registerpiso_isim_beh.exe
     -simmode  gui
     -simrunnum  1
     -socket  58071

Sun Oct 10 23:40:06 2021


 Elaboration Time: 0.046875 sec

 Current Memory Usage: 5149.43 Meg

 Total Signals          : 16
 Total Nets             : 24
 Total Signal Drivers   : 6
 Total Blocks           : 2
 Total Primitive Blocks : 2
 Total Processes        : 8
 Total Traceable Variables  : 20
 Total Scalar Nets and Variables : 113
Total Line Count : 21

 Total Simulation Time: 0.046875 sec

 Current Memory Usage: 5149.43 Meg

Sun Oct 10 23:40:12 2021

