--------------------------------------------------------------------------------
Release 14.7 Trace  (nt64)
Copyright (c) 1995-2013 Xilinx, Inc.  All rights reserved.

C:\Xilinx\14.7\ISE_DS\ISE\bin\nt64\unwrapped\trce.exe -intstyle ise -v 3 -s 1
-n 3 -fastpaths -xml LFSR_main.twx LFSR_main.ncd -o LFSR_main.twr LFSR_main.pcf

Design file:              LFSR_main.ncd
Physical constraint file: LFSR_main.pcf
Device,package,speed:     xc7a100t,csg324,C,-1 (PRODUCTION 1.10 2013-10-13)
Report level:             verbose report

Environment Variable      Effect 
--------------------      ------ 
NONE                      No environment variables were set
--------------------------------------------------------------------------------

INFO:Timing:2698 - No timing constraints found, doing default enumeration.
INFO:Timing:3412 - To improve timing, see the Timing Closure User Guide (UG612).
INFO:Timing:2752 - To get complete path coverage, use the unconstrained paths 
   option. All paths that are not constrained will be reported in the 
   unconstrained paths section(s) of the report.
INFO:Timing:3339 - The clock-to-out numbers in this timing report are based on 
   a 50 Ohm transmission line loading model.  For the details of this model, 
   and for more information on accounting for different loading conditions, 
   please see the device datasheet.



Data Sheet report:
-----------------
All values displayed in nanoseconds (ns)

Setup/Hold to clock clk
------------+------------+------------+------------+------------+------------------+--------+
            |Max Setup to|  Process   |Max Hold to |  Process   |                  | Clock  |
Source      | clk (edge) |   Corner   | clk (edge) |   Corner   |Internal Clock(s) | Phase  |
------------+------------+------------+------------+------------+------------------+--------+
rst         |   -0.196(R)|      FAST  |    2.696(R)|      SLOW  |clk_BUFGP         |   0.000|
seed<0>     |   -0.241(R)|      FAST  |    2.720(R)|      SLOW  |clk_BUFGP         |   0.000|
seed<1>     |   -0.211(R)|      FAST  |    2.505(R)|      SLOW  |clk_BUFGP         |   0.000|
seed<2>     |   -0.286(R)|      FAST  |    2.607(R)|      SLOW  |clk_BUFGP         |   0.000|
seed<3>     |   -0.393(R)|      FAST  |    2.841(R)|      SLOW  |clk_BUFGP         |   0.000|
sel         |   -0.122(R)|      FAST  |    2.850(R)|      SLOW  |clk_BUFGP         |   0.000|
------------+------------+------------+------------+------------+------------------+--------+

Clock clk to Pad
------------+-----------------+------------+-----------------+------------+------------------+--------+
            |Max (slowest) clk|  Process   |Min (fastest) clk|  Process   |                  | Clock  |
Destination |  (edge) to PAD  |   Corner   |  (edge) to PAD  |   Corner   |Internal Clock(s) | Phase  |
------------+-----------------+------------+-----------------+------------+------------------+--------+
wOut<0>     |         9.729(R)|      SLOW  |         3.174(R)|      FAST  |clk_BUFGP         |   0.000|
wOut<1>     |         9.472(R)|      SLOW  |         3.095(R)|      FAST  |clk_BUFGP         |   0.000|
wOut<2>     |         9.594(R)|      SLOW  |         3.134(R)|      FAST  |clk_BUFGP         |   0.000|
wOut<3>     |         9.603(R)|      SLOW  |         3.121(R)|      FAST  |clk_BUFGP         |   0.000|
------------+-----------------+------------+-----------------+------------+------------------+--------+

Clock to Setup on destination clock clk
---------------+---------+---------+---------+---------+
               | Src:Rise| Src:Fall| Src:Rise| Src:Fall|
Source Clock   |Dest:Rise|Dest:Rise|Dest:Fall|Dest:Fall|
---------------+---------+---------+---------+---------+
clk            |    1.975|         |         |         |
---------------+---------+---------+---------+---------+


Analysis completed Wed Sep 29 12:14:06 2021 
--------------------------------------------------------------------------------

Trace Settings:
-------------------------
Trace Settings 

Peak Memory Usage: 5003 MB



