Release 14.7 - xst P.20131013 (nt64)
Copyright (c) 1995-2013 Xilinx, Inc.  All rights reserved.
--> Parameter TMPDIR set to xst/projnav.tmp


Total REAL time to Xst completion: 0.00 secs
Total CPU time to Xst completion: 0.18 secs
 
--> Parameter xsthdpdir set to xst


Total REAL time to Xst completion: 0.00 secs
Total CPU time to Xst completion: 0.18 secs
 
--> Reading design: LFSR_main.prj

TABLE OF CONTENTS
  1) Synthesis Options Summary
  2) HDL Parsing
  3) HDL Elaboration
  4) HDL Synthesis
       4.1) HDL Synthesis Report
  5) Advanced HDL Synthesis
       5.1) Advanced HDL Synthesis Report
  6) Low Level Synthesis
  7) Partition Report
  8) Design Summary
       8.1) Primitive and Black Box Usage
       8.2) Device utilization summary
       8.3) Partition Resource Summary
       8.4) Timing Report
            8.4.1) Clock Information
            8.4.2) Asynchronous Control Signals Information
            8.4.3) Timing Summary
            8.4.4) Timing Details
            8.4.5) Cross Clock Domains Report


=========================================================================
*                      Synthesis Options Summary                        *
=========================================================================
---- Source Parameters
Input File Name                    : "LFSR_main.prj"
Ignore Synthesis Constraint File   : NO

---- Target Parameters
Output File Name                   : "LFSR_main"
Output Format                      : NGC
Target Device                      : xc7a100t-1-csg324

---- Source Options
Top Module Name                    : LFSR_main
Automatic FSM Extraction           : YES
FSM Encoding Algorithm             : Auto
Safe Implementation                : No
FSM Style                          : LUT
RAM Extraction                     : Yes
RAM Style                          : Auto
ROM Extraction                     : Yes
Shift Register Extraction          : YES
ROM Style                          : Auto
Resource Sharing                   : YES
Asynchronous To Synchronous        : NO
Shift Register Minimum Size        : 2
Use DSP Block                      : Auto
Automatic Register Balancing       : No

---- Target Options
LUT Combining                      : Auto
Reduce Control Sets                : Auto
Add IO Buffers                     : YES
Global Maximum Fanout              : 100000
Add Generic Clock Buffer(BUFG)     : 32
Register Duplication               : YES
Optimize Instantiated Primitives   : NO
Use Clock Enable                   : Auto
Use Synchronous Set                : Auto
Use Synchronous Reset              : Auto
Pack IO Registers into IOBs        : Auto
Equivalent register Removal        : YES

---- General Options
Optimization Goal                  : Speed
Optimization Effort                : 1
Power Reduction                    : NO
Keep Hierarchy                     : Yes
Netlist Hierarchy                  : As_Optimized
RTL Output                         : Yes
Global Optimization                : AllClockNets
Read Cores                         : YES
Write Timing Constraints           : NO
Cross Clock Analysis               : NO
Hierarchy Separator                : /
Bus Delimiter                      : <>
Case Specifier                     : Maintain
Slice Utilization Ratio            : 100
BRAM Utilization Ratio             : 100
DSP48 Utilization Ratio            : 100
Auto BRAM Packing                  : NO
Slice Utilization Ratio Delta      : 5

=========================================================================


=========================================================================
*                          HDL Parsing                                  *
=========================================================================
Analyzing Verilog file "C:\Users\gmadk\Desktop\KGP Acad\5th Sem\COA\COA Laboratory\Assignment 5 - FSM Design\LFSR_Q1\mux_2X1.v" into library work
Parsing module <mux_2X1>.
Analyzing Verilog file "C:\Users\gmadk\Desktop\KGP Acad\5th Sem\COA\COA Laboratory\Assignment 5 - FSM Design\LFSR_Q1\d_flip_flop.v" into library work
Parsing module <d_flip_flop>.
Analyzing Verilog file "C:\Users\gmadk\Desktop\KGP Acad\5th Sem\COA\COA Laboratory\Assignment 5 - FSM Design\LFSR_Q1\LFSR_main.v" into library work
Parsing module <LFSR_main>.

=========================================================================
*                            HDL Elaboration                            *
=========================================================================

Elaborating module <LFSR_main>.

Elaborating module <mux_2X1>.

Elaborating module <d_flip_flop>.

=========================================================================
*                           HDL Synthesis                               *
=========================================================================

Synthesizing Unit <LFSR_main>.
    Related source file is "C:\Users\gmadk\Desktop\KGP Acad\5th Sem\COA\COA Laboratory\Assignment 5 - FSM Design\LFSR_Q1\LFSR_main.v".
    Summary:
Unit <LFSR_main> synthesized.

Synthesizing Unit <mux_2X1>.
    Related source file is "C:\Users\gmadk\Desktop\KGP Acad\5th Sem\COA\COA Laboratory\Assignment 5 - FSM Design\LFSR_Q1\mux_2X1.v".
    Summary:
	inferred   1 Multiplexer(s).
Unit <mux_2X1> synthesized.

Synthesizing Unit <d_flip_flop>.
    Related source file is "C:\Users\gmadk\Desktop\KGP Acad\5th Sem\COA\COA Laboratory\Assignment 5 - FSM Design\LFSR_Q1\d_flip_flop.v".
    Found 1-bit register for signal <Q>.
    Summary:
	inferred   1 D-type flip-flop(s).
Unit <d_flip_flop> synthesized.

=========================================================================
HDL Synthesis Report

Macro Statistics
# Registers                                            : 4
 1-bit register                                        : 4
# Multiplexers                                         : 4
 1-bit 2-to-1 multiplexer                              : 4
# Xors                                                 : 1
 1-bit xor2                                            : 1

=========================================================================

=========================================================================
*                       Advanced HDL Synthesis                          *
=========================================================================


=========================================================================
Advanced HDL Synthesis Report

Macro Statistics
# Registers                                            : 4
 Flip-Flops                                            : 4
# Xors                                                 : 1
 1-bit xor2                                            : 1

=========================================================================

=========================================================================
*                         Low Level Synthesis                           *
=========================================================================

Optimizing unit <d_flip_flop> ...

Optimizing unit <MUX0> ...

Optimizing unit <MUX1> ...

Optimizing unit <MUX2> ...

Optimizing unit <MUX3> ...

Optimizing unit <LFSR_main> ...

Mapping all equations...
Building and optimizing final netlist ...
Found area constraint ratio of 100 (+ 5) on block LFSR_main, actual ratio is 0.

Final Macro Processing ...

=========================================================================
Final Register Report

Macro Statistics
# Registers                                            : 4
 Flip-Flops                                            : 4

=========================================================================

=========================================================================
*                           Partition Report                            *
=========================================================================

Partition Implementation Status
-------------------------------

  No Partitions were found in this design.

-------------------------------

=========================================================================
*                            Design Summary                             *
=========================================================================

Top Level Output File Name         : LFSR_main.ngc

Primitive and Black Box Usage:
------------------------------
# BELS                             : 5
#      LUT2                        : 1
#      LUT3                        : 4
# FlipFlops/Latches                : 4
#      FDC                         : 4
# Clock Buffers                    : 1
#      BUFGP                       : 1
# IO Buffers                       : 10
#      IBUF                        : 6
#      OBUF                        : 4

Device utilization summary:
---------------------------

Selected Device : 7a100tcsg324-1 


Slice Logic Utilization: 
 Number of Slice Registers:               4  out of  126800     0%  
 Number of Slice LUTs:                    5  out of  63400     0%  
    Number used as Logic:                 5  out of  63400     0%  

Slice Logic Distribution: 
 Number of LUT Flip Flop pairs used:      9
   Number with an unused Flip Flop:       5  out of      9    55%  
   Number with an unused LUT:             4  out of      9    44%  
   Number of fully used LUT-FF pairs:     0  out of      9     0%  
   Number of unique control sets:         4

IO Utilization: 
 Number of IOs:                          11
 Number of bonded IOBs:                  11  out of    210     5%  

Specific Feature Utilization:
 Number of BUFG/BUFGCTRLs:                1  out of     32     3%  

---------------------------
Partition Resource Summary:
---------------------------

  No Partitions were found in this design.

---------------------------


=========================================================================
Timing Report

NOTE: THESE TIMING NUMBERS ARE ONLY A SYNTHESIS ESTIMATE.
      FOR ACCURATE TIMING INFORMATION PLEASE REFER TO THE TRACE REPORT
      GENERATED AFTER PLACE-and-ROUTE.

Clock Information:
------------------
-----------------------------------+------------------------+-------+
Clock Signal                       | Clock buffer(FF name)  | Load  |
-----------------------------------+------------------------+-------+
clk                                | BUFGP                  | 4     |
-----------------------------------+------------------------+-------+

Asynchronous Control Signals Information:
----------------------------------------
No asynchronous control signals found in this design

Timing Summary:
---------------
Speed Grade: -1

   Minimum period: 1.719ns (Maximum Frequency: 581.734MHz)
   Minimum input arrival time before clock: 0.914ns
   Maximum output required time after clock: 0.891ns
   Maximum combinational path delay: No path found

Timing Details:
---------------
All values displayed in nanoseconds (ns)

=========================================================================
Timing constraint: Default period analysis for Clock 'clk'
  Clock period: 1.719ns (frequency: 581.734MHz)
  Total number of paths / destination ports: 5 / 4
-------------------------------------------------------------------------
Delay:               1.719ns (Levels of Logic = 4)
  Source:            DFF0/Q (FF)
  Destination:       DFF3/Q (FF)
  Source Clock:      clk rising
  Destination Clock: clk rising

  Data Path: DFF0/Q to DFF3/Q
                                Gate     Net
    Cell:in->out      fanout   Delay   Delay  Logical Name (Net Name)
    ----------------------------------------  ------------
     FDC:C->Q              2   0.478   0.542  Q (Q)
     end scope: 'DFF0:Q'
     LUT2:I0->O            1   0.124   0.421  Mxor_nextBit_xo<0>1 (nextBit)
     begin scope: 'MUX3:b'
     LUT3:I2->O            1   0.124   0.000  Mmux_f11 (f)
     end scope: 'MUX3:f'
     begin scope: 'DFF3:D'
     FDC:D                     0.030          Q
    ----------------------------------------
    Total                      1.719ns (0.756ns logic, 0.963ns route)
                                       (44.0% logic, 56.0% route)

=========================================================================
Timing constraint: Default OFFSET IN BEFORE for Clock 'clk'
  Total number of paths / destination ports: 12 / 8
-------------------------------------------------------------------------
Offset:              0.914ns (Levels of Logic = 2)
  Source:            rst (PAD)
  Destination:       DFF0/Q (FF)
  Destination Clock: clk rising

  Data Path: rst to DFF0/Q
                                Gate     Net
    Cell:in->out      fanout   Delay   Delay  Logical Name (Net Name)
    ----------------------------------------  ------------
     IBUF:I->O             4   0.001   0.419  rst_IBUF (rst_IBUF)
     begin scope: 'DFF0:async_rst'
     FDC:CLR                   0.494          Q
    ----------------------------------------
    Total                      0.914ns (0.495ns logic, 0.419ns route)
                                       (54.2% logic, 45.8% route)

=========================================================================
Timing constraint: Default OFFSET OUT AFTER for Clock 'clk'
  Total number of paths / destination ports: 4 / 4
-------------------------------------------------------------------------
Offset:              0.891ns (Levels of Logic = 2)
  Source:            DFF1/Q (FF)
  Destination:       wOut<1> (PAD)
  Source Clock:      clk rising

  Data Path: DFF1/Q to wOut<1>
                                Gate     Net
    Cell:in->out      fanout   Delay   Delay  Logical Name (Net Name)
    ----------------------------------------  ------------
     FDC:C->Q              3   0.478   0.413  Q (Q)
     end scope: 'DFF1:Q'
     OBUF:I->O                 0.000          wOut_1_OBUF (wOut<1>)
    ----------------------------------------
    Total                      0.891ns (0.478ns logic, 0.413ns route)
                                       (53.6% logic, 46.4% route)

=========================================================================

Cross Clock Domains Report:
--------------------------

Clock to Setup on destination clock clk
---------------+---------+---------+---------+---------+
               | Src:Rise| Src:Fall| Src:Rise| Src:Fall|
Source Clock   |Dest:Rise|Dest:Rise|Dest:Fall|Dest:Fall|
---------------+---------+---------+---------+---------+
clk            |    1.719|         |         |         |
---------------+---------+---------+---------+---------+

=========================================================================


Total REAL time to Xst completion: 20.00 secs
Total CPU time to Xst completion: 20.47 secs
 
--> 

Total memory usage is 4617948 kilobytes

Number of errors   :    0 (   0 filtered)
Number of warnings :    0 (   0 filtered)
Number of infos    :    0 (   0 filtered)

