Command line:
   shift_Register_sipo_isim_beh.exe
     -simmode  gui
     -simrunnum  0
     -socket  57410

Sun Oct 10 23:31:12 2021


 Elaboration Time: 0.046875 sec

 Current Memory Usage: 5149.42 Meg

 Total Signals          : 15
 Total Nets             : 23
 Total Signal Drivers   : 6
 Total Blocks           : 2
 Total Primitive Blocks : 2
 Total Processes        : 9
 Total Traceable Variables  : 21
 Total Scalar Nets and Variables : 120
Total Line Count : 18

 Total Simulation Time: 0.046875 sec

 Current Memory Usage: 5149.42 Meg

Sun Oct 10 23:31:15 2021

